0 info it worked if it ends with ok
1 verbose cli [ '/usr/local/node/bin/node',
1 verbose cli   '/usr/local/node/bin/npm',
1 verbose cli   'install' ]
2 info using npm@2.15.5
3 info using node@v4.4.5
4 verbose readDependencies loading dependencies from /home/melo/IdeaProjects/shopping/frontEnd/package.json
5 verbose install where, deps [ '/home/melo/IdeaProjects/shopping/frontEnd',
5 verbose install   [ 'gulp',
5 verbose install     'gulp-autoprefixer',
5 verbose install     'gulp-cache',
5 verbose install     'gulp-connect',
5 verbose install     'gulp-filter',
5 verbose install     'gulp-imagemin',
5 verbose install     'gulp-jshint',
5 verbose install     'gulp-karma',
5 verbose install     'gulp-load-plugins',
5 verbose install     'gulp-minify-css',
5 verbose install     'gulp-ng-annotate',
5 verbose install     'gulp-plumber',
5 verbose install     'gulp-rev',
5 verbose install     'gulp-rev-replace',
5 verbose install     'gulp-uglify',
5 verbose install     'gulp-useref',
5 verbose install     'gulp-util',
5 verbose install     'gulp-watch',
5 verbose install     'jasmine-core',
5 verbose install     'jshint-stylish',
5 verbose install     'karma',
5 verbose install     'karma-jasmine',
5 verbose install     'karma-phantomjs-launcher',
5 verbose install     'lazypipe',
5 verbose install     'open',
5 verbose install     'phantomjs-prebuilt',
5 verbose install     'rimraf',
5 verbose install     'run-sequence',
5 verbose install     'wiredep' ] ]
6 verbose install where, peers [ '/home/melo/IdeaProjects/shopping/frontEnd', [] ]
7 verbose installManyTop reading for lifecycle /home/melo/IdeaProjects/shopping/frontEnd/package.json
8 info preinstall shopping@
9 verbose installManyTop reading scoped package data from /home/melo/IdeaProjects/shopping/frontEnd/node_modules/gulp/package.json
10 verbose installManyTop reading scoped package data from /home/melo/IdeaProjects/shopping/frontEnd/node_modules/gulp-autoprefixer/package.json
11 verbose installManyTop reading scoped package data from /home/melo/IdeaProjects/shopping/frontEnd/node_modules/gulp-cache/package.json
12 verbose installManyTop reading scoped package data from /home/melo/IdeaProjects/shopping/frontEnd/node_modules/gulp-connect/package.json
13 verbose installManyTop reading scoped package data from /home/melo/IdeaProjects/shopping/frontEnd/node_modules/gulp-filter/package.json
14 verbose installManyTop reading scoped package data from /home/melo/IdeaProjects/shopping/frontEnd/node_modules/gulp-imagemin/package.json
15 verbose installManyTop reading scoped package data from /home/melo/IdeaProjects/shopping/frontEnd/node_modules/gulp-jshint/package.json
16 verbose installManyTop reading scoped package data from /home/melo/IdeaProjects/shopping/frontEnd/node_modules/gulp-karma/package.json
17 verbose installManyTop reading scoped package data from /home/melo/IdeaProjects/shopping/frontEnd/node_modules/gulp-load-plugins/package.json
18 verbose installManyTop reading scoped package data from /home/melo/IdeaProjects/shopping/frontEnd/node_modules/gulp-minify-css/package.json
19 verbose installManyTop reading scoped package data from /home/melo/IdeaProjects/shopping/frontEnd/node_modules/gulp-ng-annotate/package.json
20 verbose installManyTop reading scoped package data from /home/melo/IdeaProjects/shopping/frontEnd/node_modules/gulp-plumber/package.json
21 verbose installManyTop reading scoped package data from /home/melo/IdeaProjects/shopping/frontEnd/node_modules/gulp-rev/package.json
22 verbose installManyTop reading scoped package data from /home/melo/IdeaProjects/shopping/frontEnd/node_modules/gulp-rev-replace/package.json
23 verbose installManyTop reading scoped package data from /home/melo/IdeaProjects/shopping/frontEnd/node_modules/gulp-uglify/package.json
24 verbose installManyTop reading scoped package data from /home/melo/IdeaProjects/shopping/frontEnd/node_modules/gulp-useref/package.json
25 verbose installManyTop reading scoped package data from /home/melo/IdeaProjects/shopping/frontEnd/node_modules/gulp-util/package.json
26 verbose installManyTop reading scoped package data from /home/melo/IdeaProjects/shopping/frontEnd/node_modules/gulp-watch/package.json
27 verbose installManyTop reading scoped package data from /home/melo/IdeaProjects/shopping/frontEnd/node_modules/jasmine-core/package.json
28 verbose installManyTop reading scoped package data from /home/melo/IdeaProjects/shopping/frontEnd/node_modules/jshint-stylish/package.json
29 verbose installManyTop reading scoped package data from /home/melo/IdeaProjects/shopping/frontEnd/node_modules/karma/package.json
30 verbose installManyTop reading scoped package data from /home/melo/IdeaProjects/shopping/frontEnd/node_modules/karma-jasmine/package.json
31 verbose installManyTop reading scoped package data from /home/melo/IdeaProjects/shopping/frontEnd/node_modules/karma-phantomjs-launcher/package.json
32 verbose installManyTop reading scoped package data from /home/melo/IdeaProjects/shopping/frontEnd/node_modules/lazypipe/package.json
33 verbose installManyTop reading scoped package data from /home/melo/IdeaProjects/shopping/frontEnd/node_modules/open/package.json
34 verbose installManyTop reading scoped package data from /home/melo/IdeaProjects/shopping/frontEnd/node_modules/phantomjs-prebuilt/package.json
35 verbose installManyTop reading scoped package data from /home/melo/IdeaProjects/shopping/frontEnd/node_modules/rimraf/package.json
36 verbose installManyTop reading scoped package data from /home/melo/IdeaProjects/shopping/frontEnd/node_modules/run-sequence/package.json
37 verbose installManyTop reading scoped package data from /home/melo/IdeaProjects/shopping/frontEnd/node_modules/wiredep/package.json
38 info package.json karma-jasmine@1.0.2 No README data
39 info package.json gulp-minify-css@1.2.4 No repository field.
40 info package.json lazypipe@0.2.4 No license field.
41 info package.json wiredep@2.2.2 No license field.
42 verbose readDependencies loading dependencies from /home/melo/IdeaProjects/shopping/frontEnd/package.json
43 verbose targetResolver reading package data from /home/melo/IdeaProjects/shopping/frontEnd/node_modules/gulp/package.json
44 verbose targetResolver reading package data from /home/melo/IdeaProjects/shopping/frontEnd/node_modules/gulp-autoprefixer/package.json
45 verbose targetResolver reading package data from /home/melo/IdeaProjects/shopping/frontEnd/node_modules/gulp-cache/package.json
46 verbose targetResolver reading package data from /home/melo/IdeaProjects/shopping/frontEnd/node_modules/gulp-connect/package.json
47 verbose targetResolver reading package data from /home/melo/IdeaProjects/shopping/frontEnd/node_modules/gulp-filter/package.json
48 verbose targetResolver reading package data from /home/melo/IdeaProjects/shopping/frontEnd/node_modules/gulp-imagemin/package.json
49 verbose targetResolver reading package data from /home/melo/IdeaProjects/shopping/frontEnd/node_modules/gulp-jshint/package.json
50 verbose targetResolver reading package data from /home/melo/IdeaProjects/shopping/frontEnd/node_modules/gulp-karma/package.json
51 verbose targetResolver reading package data from /home/melo/IdeaProjects/shopping/frontEnd/node_modules/gulp-load-plugins/package.json
52 verbose targetResolver reading package data from /home/melo/IdeaProjects/shopping/frontEnd/node_modules/gulp-minify-css/package.json
53 verbose targetResolver reading package data from /home/melo/IdeaProjects/shopping/frontEnd/node_modules/gulp-ng-annotate/package.json
54 verbose targetResolver reading package data from /home/melo/IdeaProjects/shopping/frontEnd/node_modules/gulp-plumber/package.json
55 verbose targetResolver reading package data from /home/melo/IdeaProjects/shopping/frontEnd/node_modules/gulp-rev/package.json
56 verbose targetResolver reading package data from /home/melo/IdeaProjects/shopping/frontEnd/node_modules/gulp-rev-replace/package.json
57 verbose targetResolver reading package data from /home/melo/IdeaProjects/shopping/frontEnd/node_modules/gulp-uglify/package.json
58 verbose targetResolver reading package data from /home/melo/IdeaProjects/shopping/frontEnd/node_modules/gulp-useref/package.json
59 verbose targetResolver reading package data from /home/melo/IdeaProjects/shopping/frontEnd/node_modules/gulp-util/package.json
60 verbose targetResolver reading package data from /home/melo/IdeaProjects/shopping/frontEnd/node_modules/gulp-watch/package.json
61 verbose targetResolver reading package data from /home/melo/IdeaProjects/shopping/frontEnd/node_modules/jasmine-core/package.json
62 verbose targetResolver reading package data from /home/melo/IdeaProjects/shopping/frontEnd/node_modules/jshint-stylish/package.json
63 verbose targetResolver reading package data from /home/melo/IdeaProjects/shopping/frontEnd/node_modules/karma/package.json
64 verbose targetResolver reading package data from /home/melo/IdeaProjects/shopping/frontEnd/node_modules/karma-jasmine/package.json
65 verbose targetResolver reading package data from /home/melo/IdeaProjects/shopping/frontEnd/node_modules/karma-phantomjs-launcher/package.json
66 verbose targetResolver reading package data from /home/melo/IdeaProjects/shopping/frontEnd/node_modules/lazypipe/package.json
67 verbose targetResolver reading package data from /home/melo/IdeaProjects/shopping/frontEnd/node_modules/open/package.json
68 verbose targetResolver reading package data from /home/melo/IdeaProjects/shopping/frontEnd/node_modules/phantomjs-prebuilt/package.json
69 verbose targetResolver reading package data from /home/melo/IdeaProjects/shopping/frontEnd/node_modules/rimraf/package.json
70 verbose targetResolver reading package data from /home/melo/IdeaProjects/shopping/frontEnd/node_modules/run-sequence/package.json
71 verbose targetResolver reading package data from /home/melo/IdeaProjects/shopping/frontEnd/node_modules/wiredep/package.json
72 verbose targetResolver reading package data from /home/melo/IdeaProjects/shopping/frontEnd/node_modules/.bin/gulp/package.json
73 verbose targetResolver reading package data from /home/melo/IdeaProjects/shopping/frontEnd/node_modules/.bin/karma/package.json
74 verbose targetResolver reading package data from /home/melo/IdeaProjects/shopping/frontEnd/node_modules/.bin/phantomjs/package.json
75 verbose targetResolver reading package data from /home/melo/IdeaProjects/shopping/frontEnd/node_modules/.bin/rimraf/package.json
76 verbose targetResolver reading package data from /home/melo/IdeaProjects/shopping/frontEnd/node_modules/.bin/wiredep/package.json
77 verbose already installed skipping jshint-stylish@^1.0.0 /home/melo/IdeaProjects/shopping/frontEnd
78 verbose already installed skipping karma@^1.1.0 /home/melo/IdeaProjects/shopping/frontEnd
79 verbose already installed skipping karma-jasmine@^1.0.2 /home/melo/IdeaProjects/shopping/frontEnd
80 verbose already installed skipping karma-phantomjs-launcher@^1.0.1 /home/melo/IdeaProjects/shopping/frontEnd
81 verbose already installed skipping lazypipe@^0.2.4 /home/melo/IdeaProjects/shopping/frontEnd
82 verbose already installed skipping open@0.0.5 /home/melo/IdeaProjects/shopping/frontEnd
83 verbose already installed skipping phantomjs-prebuilt@^2.1.7 /home/melo/IdeaProjects/shopping/frontEnd
84 verbose already installed skipping rimraf@^2.4.0 /home/melo/IdeaProjects/shopping/frontEnd
85 verbose already installed skipping run-sequence@^1.1.1 /home/melo/IdeaProjects/shopping/frontEnd
86 verbose already installed skipping wiredep@^2.2.2 /home/melo/IdeaProjects/shopping/frontEnd
87 verbose already installed skipping gulp@^3.9.0 /home/melo/IdeaProjects/shopping/frontEnd
88 verbose already installed skipping gulp-autoprefixer@2.3.1 /home/melo/IdeaProjects/shopping/frontEnd
89 verbose already installed skipping gulp-cache@^0.2.10 /home/melo/IdeaProjects/shopping/frontEnd
90 verbose already installed skipping gulp-connect@^2.2.0 /home/melo/IdeaProjects/shopping/frontEnd
91 verbose already installed skipping gulp-filter@^2.0.2 /home/melo/IdeaProjects/shopping/frontEnd
92 verbose already installed skipping gulp-imagemin@^2.3.0 /home/melo/IdeaProjects/shopping/frontEnd
93 verbose already installed skipping gulp-jshint@^1.11.1 /home/melo/IdeaProjects/shopping/frontEnd
94 verbose already installed skipping gulp-karma@0.0.4 /home/melo/IdeaProjects/shopping/frontEnd
95 verbose already installed skipping gulp-load-plugins@^0.10.0 /home/melo/IdeaProjects/shopping/frontEnd
96 verbose already installed skipping gulp-minify-css@^1.2.0 /home/melo/IdeaProjects/shopping/frontEnd
97 verbose already installed skipping gulp-ng-annotate@^1.0.0 /home/melo/IdeaProjects/shopping/frontEnd
98 verbose already installed skipping gulp-plumber@^1.0.1 /home/melo/IdeaProjects/shopping/frontEnd
99 verbose already installed skipping gulp-rev@^5.0.1 /home/melo/IdeaProjects/shopping/frontEnd
100 verbose already installed skipping gulp-rev-replace@^0.4.2 /home/melo/IdeaProjects/shopping/frontEnd
101 verbose already installed skipping gulp-uglify@^1.2.0 /home/melo/IdeaProjects/shopping/frontEnd
102 verbose already installed skipping gulp-useref@^3.0.0 /home/melo/IdeaProjects/shopping/frontEnd
103 verbose already installed skipping gulp-util@^3.0.6 /home/melo/IdeaProjects/shopping/frontEnd
104 verbose already installed skipping gulp-watch@^4.2.4 /home/melo/IdeaProjects/shopping/frontEnd
105 verbose already installed skipping jasmine-core@^2.4.1 /home/melo/IdeaProjects/shopping/frontEnd
106 silly install resolved []
107 info build /home/melo/IdeaProjects/shopping/frontEnd
108 info linkStuff shopping@
109 silly linkStuff shopping@ has /home/melo/IdeaProjects/shopping as its parent node_modules
110 verbose linkBins shopping@
111 verbose linkMans shopping@
112 verbose rebuildBundles shopping@
113 verbose rebuildBundles [ '.bin',
113 verbose rebuildBundles   'gulp',
113 verbose rebuildBundles   'gulp-autoprefixer',
113 verbose rebuildBundles   'gulp-cache',
113 verbose rebuildBundles   'gulp-connect',
113 verbose rebuildBundles   'gulp-filter',
113 verbose rebuildBundles   'gulp-imagemin',
113 verbose rebuildBundles   'gulp-jshint',
113 verbose rebuildBundles   'gulp-karma',
113 verbose rebuildBundles   'gulp-load-plugins',
113 verbose rebuildBundles   'gulp-minify-css',
113 verbose rebuildBundles   'gulp-ng-annotate',
113 verbose rebuildBundles   'gulp-plumber',
113 verbose rebuildBundles   'gulp-rev',
113 verbose rebuildBundles   'gulp-rev-replace',
113 verbose rebuildBundles   'gulp-uglify',
113 verbose rebuildBundles   'gulp-useref',
113 verbose rebuildBundles   'gulp-util',
113 verbose rebuildBundles   'gulp-watch',
113 verbose rebuildBundles   'jasmine-core',
113 verbose rebuildBundles   'jshint-stylish',
113 verbose rebuildBundles   'karma',
113 verbose rebuildBundles   'karma-jasmine',
113 verbose rebuildBundles   'karma-phantomjs-launcher',
113 verbose rebuildBundles   'lazypipe',
113 verbose rebuildBundles   'open',
113 verbose rebuildBundles   'phantomjs-prebuilt',
113 verbose rebuildBundles   'rimraf',
113 verbose rebuildBundles   'run-sequence',
113 verbose rebuildBundles   'wiredep' ]
114 info install shopping@
115 info postinstall shopping@
116 info prepublish shopping@
117 verbose validateInstall loading /home/melo/IdeaProjects/shopping/frontEnd/package.json for validation
118 verbose stack Error: The package karma@1.1.0 does not satisfy its siblings' peerDependencies requirements!
118 verbose stack     at /usr/local/node/lib/node_modules/npm/lib/install.js:125:32
118 verbose stack     at /usr/local/node/lib/node_modules/npm/lib/install.js:268:7
118 verbose stack     at /usr/local/node/lib/node_modules/npm/node_modules/read-installed/read-installed.js:142:5
118 verbose stack     at /usr/local/node/lib/node_modules/npm/node_modules/read-installed/read-installed.js:263:14
118 verbose stack     at cb (/usr/local/node/lib/node_modules/npm/node_modules/slide/lib/async-map.js:47:24)
118 verbose stack     at /usr/local/node/lib/node_modules/npm/node_modules/read-installed/read-installed.js:263:14
118 verbose stack     at cb (/usr/local/node/lib/node_modules/npm/node_modules/slide/lib/async-map.js:47:24)
118 verbose stack     at /usr/local/node/lib/node_modules/npm/node_modules/read-installed/read-installed.js:263:14
118 verbose stack     at cb (/usr/local/node/lib/node_modules/npm/node_modules/slide/lib/async-map.js:47:24)
118 verbose stack     at /usr/local/node/lib/node_modules/npm/node_modules/read-installed/read-installed.js:263:14
119 verbose cwd /home/melo/IdeaProjects/shopping/frontEnd
120 error Linux 4.4.0-28-generic
121 error argv "/usr/local/node/bin/node" "/usr/local/node/bin/npm" "install"
122 error node v4.4.5
123 error npm  v2.15.5
124 error code EPEERINVALID
125 error peerinvalid The package karma@1.1.0 does not satisfy its siblings' peerDependencies requirements!
125 error peerinvalid Peer karma-jasmine@1.0.2 wants karma@*
125 error peerinvalid Peer karma-phantomjs-launcher@1.0.1 wants karma@>=0.9
125 error peerinvalid Peer gulp-karma@0.0.4 wants karma@>=0.10 <=0.13
126 verbose exit [ 1, true ]
